<?xml version="1.0" encoding="UTF-8"?>
<testsuite name="com.bridgelabz.NIOFileAPITest" tests="1" skipped="0" failures="0" errors="0" timestamp="2022-07-20T13:06:32" hostname="DESKTOP-8DEVOGL" time="0.038">
  <properties/>
  <testcase name="givenPath_WhenChecked_ShouldConfirm()" classname="com.bridgelabz.NIOFileAPITest" time="0.038"/>
  <system-out><![CDATA[C:\Users\ASUS\TempPlayGround\temp1
C:\Users\ASUS\TempPlayGround\temp2
C:\Users\ASUS\TempPlayGround\temp3
C:\Users\ASUS\TempPlayGround\temp4
C:\Users\ASUS\TempPlayGround\temp5
C:\Users\ASUS\TempPlayGround\temp6
C:\Users\ASUS\TempPlayGround\temp7
C:\Users\ASUS\TempPlayGround\temp8
C:\Users\ASUS\TempPlayGround\temp9
C:\Users\ASUS\TempPlayGround\temp1
C:\Users\ASUS\TempPlayGround\temp2
C:\Users\ASUS\TempPlayGround\temp3
C:\Users\ASUS\TempPlayGround\temp4
C:\Users\ASUS\TempPlayGround\temp5
C:\Users\ASUS\TempPlayGround\temp6
C:\Users\ASUS\TempPlayGround\temp7
C:\Users\ASUS\TempPlayGround\temp8
C:\Users\ASUS\TempPlayGround\temp9
]]></system-out>
  <system-err><![CDATA[]]></system-err>
</testsuite>
