<?xml version="1.0" encoding="UTF-8"?>
<testsuite name="com.bridgelabz.EmployeePayrollServiceTest" tests="1" skipped="0" failures="0" errors="0" timestamp="2022-07-27T17:25:01" hostname="DESKTOP-8DEVOGL" time="0.233">
  <properties/>
  <testcase name="givenEmployeePayrollInDB_WhenRetrieved_ShouldMatchEmployeeCount()" classname="com.bridgelabz.EmployeePayrollServiceTest" time="0.233"/>
  <system-out><![CDATA[Connecting to databasejdbc:mysql://localhost:3306/payroll_service?useSSL=false
Connection is successful!!!!!!com.mysql.cj.jdbc.ConnectionImpl@909217e
]]></system-out>
  <system-err><![CDATA[]]></system-err>
</testsuite>
